<?xml version="1.0" encoding="UTF-8"?>
<coverage generated="1745422953601" clover="3.2.0">
  <project timestamp="1745422953601" name="All files">
    <metrics statements="20" coveredstatements="19" conditionals="4" coveredconditionals="2" methods="8" coveredmethods="7" elements="32" coveredelements="28" complexity="0" loc="20" ncloc="20" packages="1" files="2" classes="2"/>
    <file name="logout.js" path="C:\Users\mikep\Coding Projects\vscode-projects\feels\social_media_app\social\static\social\js\logout.js">
      <metrics statements="7" coveredstatements="7" conditionals="4" coveredconditionals="2" methods="3" coveredmethods="3"/>
      <line num="2" count="1" type="stmt"/>
      <line num="3" count="1" type="cond" truecount="1" falsecount="1"/>
      <line num="4" count="1" type="stmt"/>
      <line num="5" count="1" type="stmt"/>
      <line num="7" count="1" type="cond" truecount="1" falsecount="1"/>
      <line num="8" count="1" type="stmt"/>
      <line num="16" count="1" type="stmt"/>
    </file>
    <file name="notifications.js" path="C:\Users\mikep\Coding Projects\vscode-projects\feels\social_media_app\social\static\social\js\notifications.js">
      <metrics statements="13" coveredstatements="12" conditionals="0" coveredconditionals="0" methods="5" coveredmethods="4"/>
      <line num="3" count="1" type="stmt"/>
      <line num="4" count="1" type="stmt"/>
      <line num="6" count="1" type="stmt"/>
      <line num="7" count="1" type="stmt"/>
      <line num="8" count="1" type="stmt"/>
      <line num="9" count="2" type="stmt"/>
      <line num="10" count="2" type="stmt"/>
      <line num="11" count="2" type="stmt"/>
      <line num="12" count="2" type="stmt"/>
      <line num="16" count="2" type="stmt"/>
      <line num="19" count="1" type="stmt"/>
      <line num="24" count="1" type="stmt"/>
      <line num="25" count="0" type="stmt"/>
    </file>
  </project>
</coverage>
