{"C:\\Users\\mikep\\Coding Projects\\vscode-projects\\feels\\social_media_app\\social\\static\\social\\js\\logout.js": {"path":"C:\\Users\\mikep\\Coding Projects\\vscode-projects\\feels\\social_media_app\\social\\static\\social\\js\\logout.js","statementMap":{"0":{"start":{"line":2,"column":25},"end":{"line":2,"column":65}},"1":{"start":{"line":3,"column":4},"end":{"line":12,"column":5}},"2":{"start":{"line":4,"column":8},"end":{"line":11,"column":11}},"3":{"start":{"line":5,"column":12},"end":{"line":10,"column":19}},"4":{"start":{"line":7,"column":20},"end":{"line":9,"column":21}},"5":{"start":{"line":8,"column":24},"end":{"line":8,"column":52}},"6":{"start":{"line":16,"column":0},"end":{"line":16,"column":65}}},"fnMap":{"0":{"name":"setupLogoutButton","decl":{"start":{"line":1,"column":9},"end":{"line":1,"column":26}},"loc":{"start":{"line":1,"column":29},"end":{"line":13,"column":1}},"line":1},"1":{"name":"(anonymous_1)","decl":{"start":{"line":4,"column":47},"end":{"line":4,"column":48}},"loc":{"start":{"line":4,"column":59},"end":{"line":11,"column":9}},"line":4},"2":{"name":"(anonymous_2)","decl":{"start":{"line":6,"column":22},"end":{"line":6,"column":23}},"loc":{"start":{"line":6,"column":36},"end":{"line":10,"column":17}},"line":6}},"branchMap":{"0":{"loc":{"start":{"line":3,"column":4},"end":{"line":12,"column":5}},"type":"if","locations":[{"start":{"line":3,"column":4},"end":{"line":12,"column":5}},{"start":{},"end":{}}],"line":3},"1":{"loc":{"start":{"line":7,"column":20},"end":{"line":9,"column":21}},"type":"if","locations":[{"start":{"line":7,"column":20},"end":{"line":9,"column":21}},{"start":{},"end":{}}],"line":7}},"s":{"0":1,"1":1,"2":1,"3":1,"4":1,"5":1,"6":1},"f":{"0":1,"1":1,"2":1},"b":{"0":[1,0],"1":[1,0]},"_coverageSchema":"1a1c01bbd47fc00a2c39e90264f33305004495a9","hash":"d94aa42819f0bc3d15a518fbaea2994216c35213"}
,"C:\\Users\\mikep\\Coding Projects\\vscode-projects\\feels\\social_media_app\\social\\static\\social\\js\\notifications.js": {"path":"C:\\Users\\mikep\\Coding Projects\\vscode-projects\\feels\\social_media_app\\social\\static\\social\\js\\notifications.js","statementMap":{"0":{"start":{"line":3,"column":4},"end":{"line":20,"column":11}},"1":{"start":{"line":4,"column":26},"end":{"line":4,"column":41}},"2":{"start":{"line":6,"column":37},"end":{"line":6,"column":77}},"3":{"start":{"line":7,"column":12},"end":{"line":7,"column":44}},"4":{"start":{"line":8,"column":12},"end":{"line":17,"column":15}},"5":{"start":{"line":9,"column":33},"end":{"line":9,"column":62}},"6":{"start":{"line":10,"column":16},"end":{"line":10,"column":99}},"7":{"start":{"line":11,"column":16},"end":{"line":11,"column":40}},"8":{"start":{"line":12,"column":16},"end":{"line":15,"column":18}},"9":{"start":{"line":16,"column":16},"end":{"line":16,"column":55}},"10":{"start":{"line":19,"column":12},"end":{"line":19,"column":52}},"11":{"start":{"line":24,"column":0},"end":{"line":26,"column":3}},"12":{"start":{"line":25,"column":4},"end":{"line":25,"column":42}}},"fnMap":{"0":{"name":"fetchNotifications","decl":{"start":{"line":2,"column":9},"end":{"line":2,"column":27}},"loc":{"start":{"line":2,"column":30},"end":{"line":21,"column":1}},"line":2},"1":{"name":"(anonymous_1)","decl":{"start":{"line":4,"column":14},"end":{"line":4,"column":15}},"loc":{"start":{"line":4,"column":26},"end":{"line":4,"column":41}},"line":4},"2":{"name":"(anonymous_2)","decl":{"start":{"line":5,"column":14},"end":{"line":5,"column":15}},"loc":{"start":{"line":5,"column":22},"end":{"line":20,"column":9}},"line":5},"3":{"name":"(anonymous_3)","decl":{"start":{"line":8,"column":39},"end":{"line":8,"column":40}},"loc":{"start":{"line":8,"column":55},"end":{"line":17,"column":13}},"line":8},"4":{"name":"(anonymous_4)","decl":{"start":{"line":24,"column":46},"end":{"line":24,"column":47}},"loc":{"start":{"line":24,"column":52},"end":{"line":26,"column":1}},"line":24}},"branchMap":{},"s":{"0":1,"1":1,"2":1,"3":1,"4":1,"5":2,"6":2,"7":2,"8":2,"9":2,"10":1,"11":1,"12":0},"f":{"0":1,"1":1,"2":1,"3":2,"4":0},"b":{},"_coverageSchema":"1a1c01bbd47fc00a2c39e90264f33305004495a9","hash":"e5cbdb6a257daab528f019c69596b2ed5815ba0a"}
}
