TN:
SF:social_media_app\social\static\social\js\logout.js
FN:1,setupLogoutButton
FN:4,(anonymous_1)
FN:6,(anonymous_2)
FNF:3
FNH:3
FNDA:1,setupLogoutButton
FNDA:1,(anonymous_1)
FNDA:1,(anonymous_2)
DA:2,1
DA:3,1
DA:4,1
DA:5,1
DA:7,1
DA:8,1
DA:16,1
LF:7
LH:7
BRDA:3,0,0,1
BRDA:3,0,1,0
BRDA:7,1,0,1
BRDA:7,1,1,0
BRF:4
BRH:2
end_of_record
TN:
SF:social_media_app\social\static\social\js\notifications.js
FN:2,fetchNotifications
FN:4,(anonymous_1)
FN:5,(anonymous_2)
FN:8,(anonymous_3)
FN:24,(anonymous_4)
FNF:5
FNH:4
FNDA:1,fetchNotifications
FNDA:1,(anonymous_1)
FNDA:1,(anonymous_2)
FNDA:2,(anonymous_3)
FNDA:0,(anonymous_4)
DA:3,1
DA:4,1
DA:6,1
DA:7,1
DA:8,1
DA:9,2
DA:10,2
DA:11,2
DA:12,2
DA:16,2
DA:19,1
DA:24,1
DA:25,0
LF:13
LH:12
BRF:0
BRH:0
end_of_record
